Host name is R2D2
Ip Address is 192.168.1.86
route add 0.0.0.0 mask 255.0.0.0 192.168.1.86
MityDspGUI.exe application started
MityDSP Bootloader, v4.7.2, 15 JAN 2014 
Bootstrapper Revision 1.04.00 Built 21 Jan 2010 
MityDSP Firmware Revision 1.02, 07 Mar 2009, APPID = 0 
>>> 
>>>configrequest 
Received Config Msg!
>>>sectormap 
Total sectors   : 128 
Total flash size: 0x01000000 
>>>ipsetup dhcp 
 Cannot setup... network unavailable 
>>>process 0x002822A3 
Waiting for HEX file... 
Spawning download thread!
Processing HEX file...  
Valid file (Length=683144, checksum=0x002822A3) 
>>>flashapp 1 
Wrote 0x000A6C88 of 0x000A6C88 bytes to flash at 0x00120000 
 Command accepted. 
>>> 
>>>exit 1 
Failed to send Serial Msg
Failed to send Serial Msg
Failed to send Serial Msg
Failed to send Serial Msg
Failed to send Serial Msg
Failed to send Serial Msg
Failed to send Serial Msg
Failed to send Serial Msg
Failed to send Serial Msg
Failed to send Serial Msg
Failed to send Serial Msg
Failed to send Serial Msg
Failed to send Serial Msg
Failed to send Serial Msg
Failed to send Serial Msg
Failed to send Serial Msg
Failed to send Serial Msg
Failed to send Serial Msg
Failed to send Serial Msg
Failed to send Serial Msg
Failed to send Serial Msg
Failed to send Serial Msg
Failed to send Serial Msg
Failed to send Serial Msg
Failed to send Serial Msg
Failed to send Serial Msg
Failed to send Serial Msg
Failed to send Serial Msg
Failed to send Serial Msg
Failed to send Serial Msg
Failed to send Serial Msg
Failed to send Serial Msg
Failed to send Serial Msg
Failed to send Serial Msg
Failed to send Serial Msg
Failed to send Serial Msg
Failed to send Serial Msg
Failed to send Serial Msg
Failed to send Serial Msg
Failed to send Serial Msg
Failed to send Serial Msg
Failed to send Serial Msg
Failed to send Serial Msg
Failed to send Serial Msg
Failed to send Serial Msg
Failed to send Serial Msg
Failed to send Serial Msg
Failed to send Serial Msg
Failed to send Serial Msg
Failed to send Serial Msg
Failed to send Serial Msg
Failed to send Serial Msg
Failed to send Serial Msg
Failed to send Serial Msg
Failed to send Serial Msg
Failed to send Serial Msg
Failed to send Serial Msg
Failed to send Serial Msg
Failed to send Serial Msg
Failed to send Serial Msg
Failed to send Serial Msg
Failed to send Serial Msg
Failed to send Serial Msg
Failed to send Serial Msg
Failed to send Serial Msg
Failed to send Serial Msg
Failed to send Serial Msg
Failed to send Serial Msg
Failed to send Serial Msg
Failed to send Serial Msg
Failed to send Serial Msg
Failed to send Serial Msg
Failed to send Serial Msg
Failed to send Serial Msg
Failed to send Serial Msg
Failed to send Serial Msg
Failed to send Serial Msg
Failed to send Serial Msg
Failed to send Serial Msg
Failed to send Serial Msg
Failed to send Serial Msg
Failed to send Serial Msg
Failed to send Serial Msg
Failed to send Serial Msg
Failed to send Serial Msg
Failed to send Serial Msg
Failed to send Serial Msg
Failed to send Serial Msg
Failed to send Serial Msg
Failed to send Serial Msg
Failed to send Serial Msg
Failed to send Serial Msg
Failed to send Serial Msg
Failed to send Serial Msg
Failed to send Serial Msg
Failed to send Serial Msg
Failed to send Serial Msg
Failed to send Serial Msg
Failed to send Serial Msg
Failed to send Serial Msg
Failed to send Serial Msg
Failed to send Serial Msg
Failed to send Serial Msg
Failed to send Serial Msg
Failed to send Serial Msg
Failed to send Serial Msg
Failed to send Serial Msg
Failed to send Serial Msg
Failed to send Serial Msg
Failed to send Serial Msg
Failed to send Serial Msg
Failed to send Serial Msg
Failed to send Serial Msg
Failed to send Serial Msg
Failed to send Serial Msg
Failed to send Serial Msg
Failed to send Serial Msg
Failed to send Serial Msg
Failed to send Serial Msg
Failed to send Serial Msg
Failed to send Serial Msg
Failed to send Serial Msg
Failed to send Serial Msg
Failed to send Serial Msg
Failed to send Serial Msg
Failed to send Serial Msg
Failed to send Serial Msg
Failed to send Serial Msg
Failed to send Serial Msg
Failed to send Serial Msg
Failed to send Serial Msg
Failed to send Serial Msg
Failed to send Serial Msg
Failed to send Serial Msg
Failed to send Serial Msg
Failed to send Serial Msg
Failed to send Serial Msg
Failed to send Serial Msg
Failed to send Serial Msg
Failed to send Serial Msg
Failed to send Serial Msg
Failed to send Serial Msg
Failed to send Serial Msg
Failed to send Serial Msg
Failed to send Serial Msg
Failed to send Serial Msg
Failed to send Serial Msg
Failed to send Serial Msg
Failed to send Serial Msg
Failed to send Serial Msg
Failed to send Serial Msg
Failed to send Serial Msg
Failed to send Serial Msg
Failed to send Serial Msg
Failed to send Serial Msg
Failed to send Serial Msg
Failed to send Serial Msg
Failed to send Serial Msg
Failed to send Serial Msg
Failed to send Serial Msg
Failed to send Serial Msg
Failed to send Serial Msg
Failed to send Serial Msg
Failed to send Serial Msg
Failed to send Serial Msg
Failed to send Serial Msg
Failed to send Serial Msg
Failed to send Serial Msg
Failed to send Serial Msg
Failed to send Serial Msg
Failed to send Serial Msg
Failed to send Serial Msg
Failed to send Serial Msg
Failed to send Serial Msg
Failed to send Serial Msg
Failed to send Serial Msg
Failed to send Serial Msg
Failed to send Serial Msg
Failed to send Serial Msg
Failed to send Serial Msg
Failed to send Serial Msg
Failed to send Serial Msg
Failed to send Serial Msg
Failed to send Serial Msg
Failed to send Serial Msg
Failed to send Serial Msg
Failed to send Serial Msg
Failed to send Serial Msg
Failed to send Serial Msg
Failed to send Serial Msg
Failed to send Serial Msg
Failed to send Serial Msg
Failed to send Serial Msg
Failed to send Serial Msg
Failed to send Serial Msg
Failed to send Serial Msg
Failed to send Serial Msg
Failed to send Serial Msg
Failed to send Serial Msg
Failed to send Serial Msg
Failed to send Serial Msg
Failed to send Serial Msg
Failed to send Serial Msg
Failed to send Serial Msg
Failed to send Serial Msg
Failed to send Serial Msg
Failed to send Serial Msg
Failed to send Serial Msg
Failed to send Serial Msg
Failed to send Serial Msg
Failed to send Serial Msg
Failed to send Serial Msg
Failed to send Serial Msg
Failed to send Serial Msg
Failed to send Serial Msg
Failed to send Serial Msg
Failed to send Serial Msg
Failed to send Serial Msg
Failed to send Serial Msg
Failed to send Serial Msg
Failed to send Serial Msg
Failed to send Serial Msg
Failed to send Serial Msg
Failed to send Serial Msg
Failed to send Serial Msg
Failed to send Serial Msg
Failed to send Serial Msg
Failed to send Serial Msg
Failed to send Serial Msg
Failed to send Serial Msg
Failed to send Serial Msg
Failed to send Serial Msg
Failed to send Serial Msg
Failed to send Serial Msg
Failed to send Serial Msg
Failed to send Serial Msg
Failed to send Serial Msg
Failed to send Serial Msg
Failed to send Serial Msg
Failed to send Serial Msg
Failed to send Serial Msg
Failed to send Serial Msg
Failed to send Serial Msg
Failed to send Serial Msg
Failed to send Serial Msg
Failed to send Serial Msg
Failed to send Serial Msg
Failed to send Serial Msg
Failed to send Serial Msg
Failed to send Serial Msg
Failed to send Serial Msg
Failed to send Serial Msg
Failed to send Serial Msg
Failed to send Serial Msg
Failed to send Serial Msg
Failed to send Serial Msg
Failed to send Serial Msg
Failed to send Serial Msg
Failed to send Serial Msg
Failed to send Serial Msg
Failed to send Serial Msg
Failed to send Serial Msg
Failed to send Serial Msg
Failed to send Serial Msg
Failed to send Serial Msg
Failed to send Serial Msg
Failed to send Serial Msg
Failed to send Serial Msg
Failed to send Serial Msg
Failed to send Serial Msg
Failed to send Serial Msg
Failed to send Serial Msg
Failed to send Serial Msg
Failed to send Serial Msg
Failed to send Serial Msg
Failed to send Serial Msg
Failed to send Serial Msg
Failed to send Serial Msg
Failed to send Serial Msg
Failed to send Serial Msg
Failed to send Serial Msg
Failed to send Serial Msg
Failed to send Serial Msg
Failed to send Serial Msg
Failed to send Serial Msg
Failed to send Serial Msg
Failed to send Serial Msg
Failed to send Serial Msg
Failed to send Serial Msg
Failed to send Serial Msg
Failed to send Serial Msg
Failed to send Serial Msg
Failed to send Serial Msg
Failed to send Serial Msg
Failed to send Serial Msg
Failed to send Serial Msg
Failed to send Serial Msg
Failed to send Serial Msg
Failed to send Serial Msg
Failed to send Serial Msg
Failed to send Serial Msg
Failed to send Serial Msg
Failed to send Serial Msg
Failed to send Serial Msg
Failed to send Serial Msg
Failed to send Serial Msg
Failed to send Serial Msg
Failed to send Serial Msg
Failed to send Serial Msg
Failed to send Serial Msg
Failed to send Serial Msg
Failed to send Serial Msg
Failed to send Serial Msg
Failed to send Serial Msg
Failed to send Serial Msg
Failed to send Serial Msg
Failed to send Serial Msg
Failed to send Serial Msg
Failed to send Serial Msg
Failed to send Serial Msg
Failed to send Serial Msg
Failed to send Serial Msg
Failed to send Serial Msg
Failed to send Serial Msg
Failed to send Serial Msg
Failed to send Serial Msg
Failed to send Serial Msg
Failed to send Serial Msg
Failed to send Serial Msg
Failed to send Serial Msg
Failed to send Serial Msg
Failed to send Serial Msg
Failed to send Serial Msg
Failed to send Serial Msg
Failed to send Serial Msg
Failed to send Serial Msg
Failed to send Serial Msg
Failed to send Serial Msg
Failed to send Serial Msg
Failed to send Serial Msg
Failed to send Serial Msg
Failed to send Serial Msg
Failed to send Serial Msg
Failed to send Serial Msg
Failed to send Serial Msg
Failed to send Serial Msg
Failed to send Serial Msg
Failed to send Serial Msg
Failed to send Serial Msg
Failed to send Serial Msg
Failed to send Serial Msg
Failed to send Serial Msg
Failed to send Serial Msg
Failed to send Serial Msg
Failed to send Serial Msg
Failed to send Serial Msg
Failed to send Serial Msg
Failed to send Serial Msg
Failed to send Serial Msg
Failed to send Serial Msg
Failed to send Serial Msg
Failed to send Serial Msg
Failed to send Serial Msg
Failed to send Serial Msg
Failed to send Serial Msg
Failed to send Serial Msg
Failed to send Serial Msg
Failed to send Serial Msg
Failed to send Serial Msg
Failed to send Serial Msg
Failed to send Serial Msg
Failed to send Serial Msg
Failed to send Serial Msg
Failed to send Serial Msg
Failed to send Serial Msg
Failed to send Serial Msg
Failed to send Serial Msg
Failed to send Serial Msg
Failed to send Serial Msg
Failed to send Serial Msg
Failed to send Serial Msg
Failed to send Serial Msg
Failed to send Serial Msg
Failed to send Serial Msg
Failed to send Serial Msg
Failed to send Serial Msg
Failed to send Serial Msg
Failed to send Serial Msg
Failed to send Serial Msg
Failed to send Serial Msg
Failed to send Serial Msg
Failed to send Serial Msg
Failed to send Serial Msg
Failed to send Serial Msg
Failed to send Serial Msg
Failed to send Serial Msg
Failed to send Serial Msg
Failed to send Serial Msg
Failed to send Serial Msg
Failed to send Serial Msg
Failed to send Serial Msg
Failed to send Serial Msg
Failed to send Serial Msg
Failed to send Serial Msg
Failed to send Serial Msg
Failed to send Serial Msg
Failed to send Serial Msg
Failed to send Serial Msg
Failed to send Serial Msg
Failed to send Serial Msg
Failed to send Serial Msg
Failed to send Serial Msg
Failed to send Serial Msg
Failed to send Serial Msg
Failed to send Serial Msg
Failed to send Serial Msg
Failed to send Serial Msg
Failed to send Serial Msg
Failed to send Serial Msg
Failed to send Serial Msg
Failed to send Serial Msg
Failed to send Serial Msg
Failed to send Serial Msg
Failed to send Serial Msg
Failed to send Serial Msg
Failed to send Serial Msg
Failed to send Serial Msg
Failed to send Serial Msg
Failed to send Serial Msg
Failed to send Serial Msg
Failed to send Serial Msg
Failed to send Serial Msg
Failed to send Serial Msg
Failed to send Serial Msg
Failed to send Serial Msg
Failed to send Serial Msg
Failed to send Serial Msg
Failed to send Serial Msg
Failed to send Serial Msg
Failed to send Serial Msg
Failed to send Serial Msg
Failed to send Serial Msg
Failed to send Serial Msg
Failed to send Serial Msg
Failed to send Serial Msg
Failed to send Serial Msg
Failed to send Serial Msg
Failed to send Serial Msg
Failed to send Serial Msg
Failed to send Serial Msg
Failed to send Serial Msg
Failed to send Serial Msg
Failed to send Serial Msg
Failed to send Serial Msg
Failed to send Serial Msg
Failed to send Serial Msg
Failed to send Serial Msg
Failed to send Serial Msg
Failed to send Serial Msg
Failed to send Serial Msg
Failed to send Serial Msg
Failed to send Serial Msg
Failed to send Serial Msg
Failed to send Serial Msg
Failed to send Serial Msg
Failed to send Serial Msg
Failed to send Serial Msg
Failed to send Serial Msg
Failed to send Serial Msg
Failed to send Serial Msg
Failed to send Serial Msg
Failed to send Serial Msg
Failed to send Serial Msg
Failed to send Serial Msg
Failed to send Serial Msg
Failed to send Serial Msg
Failed to send Serial Msg
Failed to send Serial Msg
Failed to send Serial Msg
Failed to send Serial Msg
Failed to send Serial Msg
Failed to send Serial Msg
Failed to send Serial Msg
Failed to send Serial Msg
MityDspGUI.exe application stopped
